C:\Users\zuchn\Documents\Privat\Naturalize\TestProjects\junit\src\main\java\junit\extensions\ActiveTestSuite.java	0	0	0	0.0
C:\Users\zuchn\Documents\Privat\Naturalize\TestProjects\junit\src\main\java\junit\extensions\package-info.java	0	0	0	0.0
C:\Users\zuchn\Documents\Privat\Naturalize\TestProjects\junit\src\main\java\junit\extensions\RepeatedTest.java	0	0	0	0.0
C:\Users\zuchn\Documents\Privat\Naturalize\TestProjects\junit\src\main\java\junit\extensions\TestDecorator.java	0	0	0	0.0
C:\Users\zuchn\Documents\Privat\Naturalize\TestProjects\junit\src\main\java\junit\extensions\TestSetup.java	0	0	0	0.0
C:\Users\zuchn\Documents\Privat\Naturalize\TestProjects\junit\src\main\java\junit\framework\Assert.java	0	19	0	0.2920353982300885
C:\Users\zuchn\Documents\Privat\Naturalize\TestProjects\junit\src\main\java\junit\framework\AssertionFailedError.java	0	20	0	0.29310344827586204
C:\Users\zuchn\Documents\Privat\Naturalize\TestProjects\junit\src\main\java\junit\framework\ComparisonCompactor.java	0	30	0	0.35294117647058826
C:\Users\zuchn\Documents\Privat\Naturalize\TestProjects\junit\src\main\java\junit\framework\ComparisonFailure.java	0	33	0	0.36363636363636365
C:\Users\zuchn\Documents\Privat\Naturalize\TestProjects\junit\src\main\java\junit\framework\JUnit4TestAdapter.java	0	33	0	0.3291139240506329
C:\Users\zuchn\Documents\Privat\Naturalize\TestProjects\junit\src\main\java\junit\framework\JUnit4TestAdapterCache.java	0	34	0	0.3063583815028902
C:\Users\zuchn\Documents\Privat\Naturalize\TestProjects\junit\src\main\java\junit\framework\JUnit4TestCaseFacade.java	0	34	0	0.30113636363636365
C:\Users\zuchn\Documents\Privat\Naturalize\TestProjects\junit\src\main\java\junit\framework\package-info.java	0	34	0	0.30113636363636365
C:\Users\zuchn\Documents\Privat\Naturalize\TestProjects\junit\src\main\java\junit\framework\Protectable.java	0	34	0	0.30113636363636365
C:\Users\zuchn\Documents\Privat\Naturalize\TestProjects\junit\src\main\java\junit\framework\Test.java	0	34	0	0.2994350282485876
C:\Users\zuchn\Documents\Privat\Naturalize\TestProjects\junit\src\main\java\junit\framework\TestCase.java	0	47	0	0.3079710144927536
C:\Users\zuchn\Documents\Privat\Naturalize\TestProjects\junit\src\main\java\junit\framework\TestFailure.java	0	49	0	0.30633802816901406
C:\Users\zuchn\Documents\Privat\Naturalize\TestProjects\junit\src\main\java\junit\framework\TestListener.java	0	51	0	0.30689655172413793
C:\Users\zuchn\Documents\Privat\Naturalize\TestProjects\junit\src\main\java\junit\framework\TestResult.java	0	51	0	0.28164556962025317
C:\Users\zuchn\Documents\Privat\Naturalize\TestProjects\junit\src\main\java\junit\framework\TestSuite.java	0	51	0	0.24861878453038674
C:\Users\zuchn\Documents\Privat\Naturalize\TestProjects\junit\src\main\java\junit\runner\BaseTestRunner.java	0	56	0	0.22300469483568075
C:\Users\zuchn\Documents\Privat\Naturalize\TestProjects\junit\src\main\java\junit\runner\package-info.java	0	56	0	0.22300469483568075
C:\Users\zuchn\Documents\Privat\Naturalize\TestProjects\junit\src\main\java\junit\runner\TestRunListener.java	0	56	0	0.21739130434782608
C:\Users\zuchn\Documents\Privat\Naturalize\TestProjects\junit\src\main\java\junit\runner\Version.java	0	56	0	0.2191780821917808
C:\Users\zuchn\Documents\Privat\Naturalize\TestProjects\junit\src\main\java\junit\textui\package-info.java	0	56	0	0.2191780821917808
C:\Users\zuchn\Documents\Privat\Naturalize\TestProjects\junit\src\main\java\junit\textui\ResultPrinter.java	0	60	0	0.2159827213822894
C:\Users\zuchn\Documents\Privat\Naturalize\TestProjects\junit\src\main\java\junit\textui\TestRunner.java	0	62	0	0.20078740157480315
C:\Users\zuchn\Documents\Privat\Naturalize\TestProjects\junit\src\main\java\org\junit\After.java	0	62	0	0.20078740157480315
C:\Users\zuchn\Documents\Privat\Naturalize\TestProjects\junit\src\main\java\org\junit\AfterClass.java	0	62	0	0.20078740157480315
C:\Users\zuchn\Documents\Privat\Naturalize\TestProjects\junit\src\main\java\org\junit\Assert.java	0	77	0	0.19530102790014683
C:\Users\zuchn\Documents\Privat\Naturalize\TestProjects\junit\src\main\java\org\junit\Assume.java	0	77	0	0.1910919540229885
C:\Users\zuchn\Documents\Privat\Naturalize\TestProjects\junit\src\main\java\org\junit\Before.java	0	77	0	0.1910919540229885
C:\Users\zuchn\Documents\Privat\Naturalize\TestProjects\junit\src\main\java\org\junit\BeforeClass.java	0	77	0	0.1910919540229885
C:\Users\zuchn\Documents\Privat\Naturalize\TestProjects\junit\src\main\java\org\junit\ClassRule.java	0	77	0	0.1910919540229885
C:\Users\zuchn\Documents\Privat\Naturalize\TestProjects\junit\src\main\java\org\junit\ComparisonFailure.java	0	91	0	0.21023513139695713
C:\Users\zuchn\Documents\Privat\Naturalize\TestProjects\junit\src\main\java\org\junit\experimental\categories\Categories.java	0	92	0	0.1934260429835651
C:\Users\zuchn\Documents\Privat\Naturalize\TestProjects\junit\src\main\java\org\junit\experimental\categories\Category.java	0	92	0	0.1934260429835651
C:\Users\zuchn\Documents\Privat\Naturalize\TestProjects\junit\src\main\java\org\junit\experimental\categories\CategoryFilterFactory.java	0	92	0	0.19172932330827067
C:\Users\zuchn\Documents\Privat\Naturalize\TestProjects\junit\src\main\java\org\junit\experimental\categories\ExcludeCategories.java	0	92	0	0.19101123595505617
C:\Users\zuchn\Documents\Privat\Naturalize\TestProjects\junit\src\main\java\org\junit\experimental\categories\IncludeCategories.java	0	92	0	0.19029850746268656
C:\Users\zuchn\Documents\Privat\Naturalize\TestProjects\junit\src\main\java\org\junit\experimental\max\CouldNotReadCoreException.java	0	93	0	0.19106699751861042
C:\Users\zuchn\Documents\Privat\Naturalize\TestProjects\junit\src\main\java\org\junit\experimental\max\MaxCore.java	0	93	0	0.18487394957983194
C:\Users\zuchn\Documents\Privat\Naturalize\TestProjects\junit\src\main\java\org\junit\experimental\max\MaxHistory.java	0	95	0	0.18034682080924855
C:\Users\zuchn\Documents\Privat\Naturalize\TestProjects\junit\src\main\java\org\junit\experimental\ParallelComputer.java	0	95	0	0.17861205915813425
C:\Users\zuchn\Documents\Privat\Naturalize\TestProjects\junit\src\main\java\org\junit\experimental\results\FailureList.java	0	95	0	0.17853107344632768
C:\Users\zuchn\Documents\Privat\Naturalize\TestProjects\junit\src\main\java\org\junit\experimental\results\PrintableResult.java	0	95	0	0.17732884399551066
C:\Users\zuchn\Documents\Privat\Naturalize\TestProjects\junit\src\main\java\org\junit\experimental\results\ResultMatchers.java	0	95	0	0.17666666666666667
C:\Users\zuchn\Documents\Privat\Naturalize\TestProjects\junit\src\main\java\org\junit\experimental\runners\Enclosed.java	0	95	0	0.17569060773480663
C:\Users\zuchn\Documents\Privat\Naturalize\TestProjects\junit\src\main\java\org\junit\experimental\theories\DataPoint.java	0	95	0	0.17569060773480663
C:\Users\zuchn\Documents\Privat\Naturalize\TestProjects\junit\src\main\java\org\junit\experimental\theories\DataPoints.java	0	95	0	0.17569060773480663
C:\Users\zuchn\Documents\Privat\Naturalize\TestProjects\junit\src\main\java\org\junit\experimental\theories\FromDataPoints.java	0	95	0	0.17569060773480663
C:\Users\zuchn\Documents\Privat\Naturalize\TestProjects\junit\src\main\java\org\junit\experimental\theories\internal\AllMembersSupplier.java	0	95	0	0.1689119170984456
C:\Users\zuchn\Documents\Privat\Naturalize\TestProjects\junit\src\main\java\org\junit\experimental\theories\internal\Assignments.java	0	95	0	0.16381909547738693
C:\Users\zuchn\Documents\Privat\Naturalize\TestProjects\junit\src\main\java\org\junit\experimental\theories\internal\BooleanSupplier.java	0	95	0	0.1636546184738956
C:\Users\zuchn\Documents\Privat\Naturalize\TestProjects\junit\src\main\java\org\junit\experimental\theories\internal\EnumSupplier.java	0	95	0	0.1626746506986028
C:\Users\zuchn\Documents\Privat\Naturalize\TestProjects\junit\src\main\java\org\junit\experimental\theories\internal\ParameterizedAssertionError.java	0	96	0	0.16141732283464566
C:\Users\zuchn\Documents\Privat\Naturalize\TestProjects\junit\src\main\java\org\junit\experimental\theories\internal\SpecificDataPointsSupplier.java	0	96	0	0.1575408261287224
C:\Users\zuchn\Documents\Privat\Naturalize\TestProjects\junit\src\main\java\org\junit\experimental\theories\ParameterSignature.java	0	96	0	0.15298507462686567
C:\Users\zuchn\Documents\Privat\Naturalize\TestProjects\junit\src\main\java\org\junit\experimental\theories\ParametersSuppliedBy.java	0	96	0	0.15298507462686567
C:\Users\zuchn\Documents\Privat\Naturalize\TestProjects\junit\src\main\java\org\junit\experimental\theories\ParameterSupplier.java	0	96	0	0.15284249767008387
C:\Users\zuchn\Documents\Privat\Naturalize\TestProjects\junit\src\main\java\org\junit\experimental\theories\PotentialAssignment.java	0	97	0	0.15291936978683968
C:\Users\zuchn\Documents\Privat\Naturalize\TestProjects\junit\src\main\java\org\junit\experimental\theories\suppliers\TestedOn.java	0	97	0	0.15291936978683968
C:\Users\zuchn\Documents\Privat\Naturalize\TestProjects\junit\src\main\java\org\junit\experimental\theories\suppliers\TestedOnSupplier.java	0	97	0	0.1522140221402214
C:\Users\zuchn\Documents\Privat\Naturalize\TestProjects\junit\src\main\java\org\junit\experimental\theories\Theories.java	0	97	0	0.14588859416445624
C:\Users\zuchn\Documents\Privat\Naturalize\TestProjects\junit\src\main\java\org\junit\experimental\theories\Theory.java	0	97	0	0.14588859416445624
C:\Users\zuchn\Documents\Privat\Naturalize\TestProjects\junit\src\main\java\org\junit\FixMethodOrder.java	0	97	0	0.14588859416445624
C:\Users\zuchn\Documents\Privat\Naturalize\TestProjects\junit\src\main\java\org\junit\Ignore.java	0	97	0	0.14588859416445624
C:\Users\zuchn\Documents\Privat\Naturalize\TestProjects\junit\src\main\java\org\junit\internal\ArrayComparisonFailure.java	0	98	0	0.14548641542506574
C:\Users\zuchn\Documents\Privat\Naturalize\TestProjects\junit\src\main\java\org\junit\internal\AssumptionViolatedException.java	0	98	0	0.14408973252804141
C:\Users\zuchn\Documents\Privat\Naturalize\TestProjects\junit\src\main\java\org\junit\internal\builders\AllDefaultPossibilitiesBuilder.java	0	98	0	0.14334763948497853
C:\Users\zuchn\Documents\Privat\Naturalize\TestProjects\junit\src\main\java\org\junit\internal\builders\AnnotatedBuilder.java	0	98	0	0.14212765957446807
C:\Users\zuchn\Documents\Privat\Naturalize\TestProjects\junit\src\main\java\org\junit\internal\builders\IgnoredBuilder.java	0	98	0	0.14200680272108843
C:\Users\zuchn\Documents\Privat\Naturalize\TestProjects\junit\src\main\java\org\junit\internal\builders\IgnoredClassRunner.java	0	98	0	0.14164546225614927
C:\Users\zuchn\Documents\Privat\Naturalize\TestProjects\junit\src\main\java\org\junit\internal\builders\JUnit3Builder.java	0	98	0	0.14140558848433532
C:\Users\zuchn\Documents\Privat\Naturalize\TestProjects\junit\src\main\java\org\junit\internal\builders\JUnit4Builder.java	0	98	0	0.1412859560067682
C:\Users\zuchn\Documents\Privat\Naturalize\TestProjects\junit\src\main\java\org\junit\internal\builders\NullBuilder.java	0	98	0	0.14116652578191038
C:\Users\zuchn\Documents\Privat\Naturalize\TestProjects\junit\src\main\java\org\junit\internal\builders\SuiteMethodBuilder.java	0	98	0	0.14080944350758853
C:\Users\zuchn\Documents\Privat\Naturalize\TestProjects\junit\src\main\java\org\junit\internal\Classes.java	0	98	0	0.14069081718618365
C:\Users\zuchn\Documents\Privat\Naturalize\TestProjects\junit\src\main\java\org\junit\internal\ComparisonCriteria.java	0	99	0	0.13941908713692946
C:\Users\zuchn\Documents\Privat\Naturalize\TestProjects\junit\src\main\java\org\junit\internal\ExactComparisonCriteria.java	0	100	0	0.140016570008285
C:\Users\zuchn\Documents\Privat\Naturalize\TestProjects\junit\src\main\java\org\junit\internal\InexactComparisonCriteria.java	0	100	0	0.13943894389438943
C:\Users\zuchn\Documents\Privat\Naturalize\TestProjects\junit\src\main\java\org\junit\internal\JUnitSystem.java	0	100	0	0.13943894389438943
C:\Users\zuchn\Documents\Privat\Naturalize\TestProjects\junit\src\main\java\org\junit\internal\matchers\StacktracePrintingMatcher.java	0	100	0	0.13829787234042554
C:\Users\zuchn\Documents\Privat\Naturalize\TestProjects\junit\src\main\java\org\junit\internal\matchers\ThrowableCauseMatcher.java	0	100	0	0.13751017087062653
C:\Users\zuchn\Documents\Privat\Naturalize\TestProjects\junit\src\main\java\org\junit\internal\matchers\ThrowableMessageMatcher.java	0	100	0	0.13673139158576053
C:\Users\zuchn\Documents\Privat\Naturalize\TestProjects\junit\src\main\java\org\junit\internal\matchers\TypeSafeMatcher.java	0	100	0	0.13585209003215434
C:\Users\zuchn\Documents\Privat\Naturalize\TestProjects\junit\src\main\java\org\junit\internal\MethodSorter.java	0	100	0	0.13444709626093873
C:\Users\zuchn\Documents\Privat\Naturalize\TestProjects\junit\src\main\java\org\junit\internal\RealSystem.java	0	100	0	0.13444709626093873
C:\Users\zuchn\Documents\Privat\Naturalize\TestProjects\junit\src\main\java\org\junit\internal\requests\ClassRequest.java	0	100	0	0.1337025316455696
C:\Users\zuchn\Documents\Privat\Naturalize\TestProjects\junit\src\main\java\org\junit\internal\requests\FilterRequest.java	0	100	0	0.13307086614173227
C:\Users\zuchn\Documents\Privat\Naturalize\TestProjects\junit\src\main\java\org\junit\internal\requests\package-info.java	0	100	0	0.13307086614173227
C:\Users\zuchn\Documents\Privat\Naturalize\TestProjects\junit\src\main\java\org\junit\internal\requests\SortingRequest.java	0	100	0	0.13254901960784313
C:\Users\zuchn\Documents\Privat\Naturalize\TestProjects\junit\src\main\java\org\junit\internal\runners\ClassRoadie.java	0	100	0	0.13292117465224113
C:\Users\zuchn\Documents\Privat\Naturalize\TestProjects\junit\src\main\java\org\junit\internal\runners\ErrorReportingRunner.java	0	100	0	0.13236419280795717
C:\Users\zuchn\Documents\Privat\Naturalize\TestProjects\junit\src\main\java\org\junit\internal\runners\FailedBefore.java	0	100	0	0.13302752293577982
C:\Users\zuchn\Documents\Privat\Naturalize\TestProjects\junit\src\main\java\org\junit\internal\runners\InitializationError.java	0	101	0	0.13404417364813404
C:\Users\zuchn\Documents\Privat\Naturalize\TestProjects\junit\src\main\java\org\junit\internal\runners\JUnit38ClassRunner.java	0	101	0	0.13024282560706402
C:\Users\zuchn\Documents\Privat\Naturalize\TestProjects\junit\src\main\java\org\junit\internal\runners\JUnit4ClassRunner.java	0	101	0	0.12742980561555076
C:\Users\zuchn\Documents\Privat\Naturalize\TestProjects\junit\src\main\java\org\junit\internal\runners\MethodRoadie.java	0	101	0	0.12737508796622096
C:\Users\zuchn\Documents\Privat\Naturalize\TestProjects\junit\src\main\java\org\junit\internal\runners\MethodValidator.java	0	101	0	0.12718378756114604
C:\Users\zuchn\Documents\Privat\Naturalize\TestProjects\junit\src\main\java\org\junit\internal\runners\model\EachTestNotifier.java	0	101	0	0.12647671994440585
C:\Users\zuchn\Documents\Privat\Naturalize\TestProjects\junit\src\main\java\org\junit\internal\runners\model\MultipleFailureException.java	0	102	0	0.12699514226231784
C:\Users\zuchn\Documents\Privat\Naturalize\TestProjects\junit\src\main\java\org\junit\internal\runners\model\ReflectiveCallable.java	0	102	0	0.1276005547850208
C:\Users\zuchn\Documents\Privat\Naturalize\TestProjects\junit\src\main\java\org\junit\internal\runners\package-info.java	0	102	0	0.1276005547850208
C:\Users\zuchn\Documents\Privat\Naturalize\TestProjects\junit\src\main\java\org\junit\internal\runners\rules\RuleFieldValidator.java	0	102	0	0.12551159618008187
C:\Users\zuchn\Documents\Privat\Naturalize\TestProjects\junit\src\main\java\org\junit\internal\runners\statements\ExpectException.java	0	102	0	0.1248303934871099
C:\Users\zuchn\Documents\Privat\Naturalize\TestProjects\junit\src\main\java\org\junit\internal\runners\statements\Fail.java	0	102	0	0.12466124661246612
C:\Users\zuchn\Documents\Privat\Naturalize\TestProjects\junit\src\main\java\org\junit\internal\runners\statements\FailOnTimeout.java	0	102	0	0.1229124916499666
C:\Users\zuchn\Documents\Privat\Naturalize\TestProjects\junit\src\main\java\org\junit\internal\runners\statements\InvokeMethod.java	0	102	0	0.12258494337108594
C:\Users\zuchn\Documents\Privat\Naturalize\TestProjects\junit\src\main\java\org\junit\internal\runners\statements\RunAfters.java	0	102	0	0.12185430463576159
C:\Users\zuchn\Documents\Privat\Naturalize\TestProjects\junit\src\main\java\org\junit\internal\runners\statements\RunBefores.java	0	102	0	0.12129202373104812
C:\Users\zuchn\Documents\Privat\Naturalize\TestProjects\junit\src\main\java\org\junit\internal\runners\SuiteMethod.java	0	102	0	0.12089356110381078
C:\Users\zuchn\Documents\Privat\Naturalize\TestProjects\junit\src\main\java\org\junit\internal\runners\TestClass.java	0	103	0	0.12142857142857143
C:\Users\zuchn\Documents\Privat\Naturalize\TestProjects\junit\src\main\java\org\junit\internal\runners\TestMethod.java	0	103	0	0.12072304712717882
C:\Users\zuchn\Documents\Privat\Naturalize\TestProjects\junit\src\main\java\org\junit\internal\TextListener.java	0	105	0	0.1207667731629393
C:\Users\zuchn\Documents\Privat\Naturalize\TestProjects\junit\src\main\java\org\junit\matchers\JUnitMatchers.java	0	105	0	0.12
C:\Users\zuchn\Documents\Privat\Naturalize\TestProjects\junit\src\main\java\org\junit\matchers\package-info.java	0	105	0	0.12
C:\Users\zuchn\Documents\Privat\Naturalize\TestProjects\junit\src\main\java\org\junit\package-info.java	0	105	0	0.12
C:\Users\zuchn\Documents\Privat\Naturalize\TestProjects\junit\src\main\java\org\junit\Rule.java	0	105	0	0.12
C:\Users\zuchn\Documents\Privat\Naturalize\TestProjects\junit\src\main\java\org\junit\rules\ErrorCollector.java	0	105	0	0.11931818181818182
C:\Users\zuchn\Documents\Privat\Naturalize\TestProjects\junit\src\main\java\org\junit\rules\ExpectedException.java	0	105	0	0.11775700934579439
C:\Users\zuchn\Documents\Privat\Naturalize\TestProjects\junit\src\main\java\org\junit\rules\ExpectedExceptionMatcherBuilder.java	0	105	0	0.11753731343283583
C:\Users\zuchn\Documents\Privat\Naturalize\TestProjects\junit\src\main\java\org\junit\rules\ExternalResource.java	0	105	0	0.11731843575418995
C:\Users\zuchn\Documents\Privat\Naturalize\TestProjects\junit\src\main\java\org\junit\rules\MethodRule.java	0	107	0	0.11833952912019827
C:\Users\zuchn\Documents\Privat\Naturalize\TestProjects\junit\src\main\java\org\junit\rules\RuleChain.java	0	107	0	0.11768330252618607
C:\Users\zuchn\Documents\Privat\Naturalize\TestProjects\junit\src\main\java\org\junit\rules\RunRules.java	0	107	0	0.11710606989576947
C:\Users\zuchn\Documents\Privat\Naturalize\TestProjects\junit\src\main\java\org\junit\rules\Stopwatch.java	0	113	0	0.11910519951632406
C:\Users\zuchn\Documents\Privat\Naturalize\TestProjects\junit\src\main\java\org\junit\rules\TemporaryFolder.java	0	113	0	0.11789347695990425
C:\Users\zuchn\Documents\Privat\Naturalize\TestProjects\junit\src\main\java\org\junit\rules\TestName.java	0	113	0	0.1177525403466826
C:\Users\zuchn\Documents\Privat\Naturalize\TestProjects\junit\src\main\java\org\junit\rules\TestRule.java	0	114	0	0.1182089552238806
C:\Users\zuchn\Documents\Privat\Naturalize\TestProjects\junit\src\main\java\org\junit\rules\TestWatcher.java	0	116	0	0.11816578483245149
C:\Users\zuchn\Documents\Privat\Naturalize\TestProjects\junit\src\main\java\org\junit\rules\TestWatchman.java	0	117	0	0.11864406779661017
C:\Users\zuchn\Documents\Privat\Naturalize\TestProjects\junit\src\main\java\org\junit\rules\Timeout.java	0	117	0	0.1186046511627907
C:\Users\zuchn\Documents\Privat\Naturalize\TestProjects\junit\src\main\java\org\junit\rules\Verifier.java	0	117	0	0.11962833914053426
C:\Users\zuchn\Documents\Privat\Naturalize\TestProjects\junit\src\main\java\org\junit\runner\Computer.java	0	117	0	0.11928199189345687
C:\Users\zuchn\Documents\Privat\Naturalize\TestProjects\junit\src\main\java\org\junit\runner\Describable.java	0	117	0	0.11928199189345687
C:\Users\zuchn\Documents\Privat\Naturalize\TestProjects\junit\src\main\java\org\junit\runner\Description.java	0	118	0	0.11668545659526494
C:\Users\zuchn\Documents\Privat\Naturalize\TestProjects\junit\src\main\java\org\junit\runner\FilterFactories.java	0	118	0	0.11583659764969222
C:\Users\zuchn\Documents\Privat\Naturalize\TestProjects\junit\src\main\java\org\junit\runner\FilterFactory.java	0	118	0	0.11570709893795417
C:\Users\zuchn\Documents\Privat\Naturalize\TestProjects\junit\src\main\java\org\junit\runner\FilterFactoryParams.java	0	118	0	0.11557788944723618
C:\Users\zuchn\Documents\Privat\Naturalize\TestProjects\junit\src\main\java\org\junit\runner\JUnitCommandLineParseResult.java	0	118	0	0.11423841059602649
C:\Users\zuchn\Documents\Privat\Naturalize\TestProjects\junit\src\main\java\org\junit\runner\JUnitCore.java	0	118	0	0.11299126637554585
C:\Users\zuchn\Documents\Privat\Naturalize\TestProjects\junit\src\main\java\org\junit\runner\manipulation\Filter.java	0	119	0	0.11273712737127371
C:\Users\zuchn\Documents\Privat\Naturalize\TestProjects\junit\src\main\java\org\junit\runner\manipulation\Filterable.java	0	119	0	0.11267605633802817
C:\Users\zuchn\Documents\Privat\Naturalize\TestProjects\junit\src\main\java\org\junit\runner\manipulation\NoTestsRemainException.java	0	119	0	0.11315646995127233
C:\Users\zuchn\Documents\Privat\Naturalize\TestProjects\junit\src\main\java\org\junit\runner\manipulation\package-info.java	0	119	0	0.11315646995127233
C:\Users\zuchn\Documents\Privat\Naturalize\TestProjects\junit\src\main\java\org\junit\runner\manipulation\Sortable.java	0	119	0	0.1130952380952381
C:\Users\zuchn\Documents\Privat\Naturalize\TestProjects\junit\src\main\java\org\junit\runner\manipulation\Sorter.java	0	120	0	0.11308562197092084
C:\Users\zuchn\Documents\Privat\Naturalize\TestProjects\junit\src\main\java\org\junit\runner\notification\Failure.java	0	123	0	0.11414790996784566
C:\Users\zuchn\Documents\Privat\Naturalize\TestProjects\junit\src\main\java\org\junit\runner\notification\package-info.java	0	123	0	0.11414790996784566
C:\Users\zuchn\Documents\Privat\Naturalize\TestProjects\junit\src\main\java\org\junit\runner\notification\RunListener.java	0	129	0	0.11692471970101441
C:\Users\zuchn\Documents\Privat\Naturalize\TestProjects\junit\src\main\java\org\junit\runner\notification\RunNotifier.java	0	129	0	0.11502100840336134
C:\Users\zuchn\Documents\Privat\Naturalize\TestProjects\junit\src\main\java\org\junit\runner\notification\StoppedByUserException.java	0	129	0	0.11548556430446194
C:\Users\zuchn\Documents\Privat\Naturalize\TestProjects\junit\src\main\java\org\junit\runner\notification\SynchronizedRunListener.java	0	129	0	0.11783107403545359
C:\Users\zuchn\Documents\Privat\Naturalize\TestProjects\junit\src\main\java\org\junit\runner\package-info.java	0	129	0	0.11783107403545359
C:\Users\zuchn\Documents\Privat\Naturalize\TestProjects\junit\src\main\java\org\junit\runner\Request.java	0	129	0	0.117312661498708
C:\Users\zuchn\Documents\Privat\Naturalize\TestProjects\junit\src\main\java\org\junit\runner\Result.java	0	133	0	0.11909650924024641
C:\Users\zuchn\Documents\Privat\Naturalize\TestProjects\junit\src\main\java\org\junit\runner\Runner.java	0	133	0	0.11903540277065161
C:\Users\zuchn\Documents\Privat\Naturalize\TestProjects\junit\src\main\java\org\junit\runner\RunWith.java	0	133	0	0.11903540277065161
C:\Users\zuchn\Documents\Privat\Naturalize\TestProjects\junit\src\main\java\org\junit\runners\AllTests.java	0	133	0	0.11897435897435897
C:\Users\zuchn\Documents\Privat\Naturalize\TestProjects\junit\src\main\java\org\junit\runners\BlockJUnit4ClassRunner.java	0	133	0	0.11580516898608349
C:\Users\zuchn\Documents\Privat\Naturalize\TestProjects\junit\src\main\java\org\junit\runners\JUnit4.java	0	133	0	0.11574764033780427
C:\Users\zuchn\Documents\Privat\Naturalize\TestProjects\junit\src\main\java\org\junit\runners\MethodSorters.java	0	133	0	0.11563275434243177
C:\Users\zuchn\Documents\Privat\Naturalize\TestProjects\junit\src\main\java\org\junit\runners\model\FrameworkField.java	0	133	0	0.11528946066303809
C:\Users\zuchn\Documents\Privat\Naturalize\TestProjects\junit\src\main\java\org\junit\runners\model\FrameworkMember.java	0	133	0	0.11511857707509882
C:\Users\zuchn\Documents\Privat\Naturalize\TestProjects\junit\src\main\java\org\junit\runners\model\FrameworkMethod.java	0	133	0	0.11476213830308975
C:\Users\zuchn\Documents\Privat\Naturalize\TestProjects\junit\src\main\java\org\junit\runners\model\InitializationError.java	0	134	0	0.11545988258317025
C:\Users\zuchn\Documents\Privat\Naturalize\TestProjects\junit\src\main\java\org\junit\runners\model\MultipleFailureException.java	0	135	0	0.11560975609756098
C:\Users\zuchn\Documents\Privat\Naturalize\TestProjects\junit\src\main\java\org\junit\runners\model\NoGenericTypeParametersValidator.java	0	135	0	0.11476997578692494
C:\Users\zuchn\Documents\Privat\Naturalize\TestProjects\junit\src\main\java\org\junit\runners\model\RunnerBuilder.java	0	135	0	0.113997113997114
C:\Users\zuchn\Documents\Privat\Naturalize\TestProjects\junit\src\main\java\org\junit\runners\model\RunnerScheduler.java	0	135	0	0.11394230769230769
C:\Users\zuchn\Documents\Privat\Naturalize\TestProjects\junit\src\main\java\org\junit\runners\model\Statement.java	0	135	0	0.11394230769230769
C:\Users\zuchn\Documents\Privat\Naturalize\TestProjects\junit\src\main\java\org\junit\runners\model\TestClass.java	0	136	0	0.11326097215667767
C:\Users\zuchn\Documents\Privat\Naturalize\TestProjects\junit\src\main\java\org\junit\runners\package-info.java	0	136	0	0.11326097215667767
C:\Users\zuchn\Documents\Privat\Naturalize\TestProjects\junit\src\main\java\org\junit\runners\Parameterized.java	0	136	0	0.11105990783410138
C:\Users\zuchn\Documents\Privat\Naturalize\TestProjects\junit\src\main\java\org\junit\runners\ParentRunner.java	0	136	0	0.10861759425493717
C:\Users\zuchn\Documents\Privat\Naturalize\TestProjects\junit\src\main\java\org\junit\runners\Suite.java	0	136	0	0.10819234194122886
C:\Users\zuchn\Documents\Privat\Naturalize\TestProjects\junit\src\main\java\org\junit\Test.java	0	137	0	0.10858923008455719
C:\Users\zuchn\Documents\Privat\Naturalize\TestProjects\junit\src\test\java\junit\samples\AllTests.java	0	138	0	0.10893730546909737
C:\Users\zuchn\Documents\Privat\Naturalize\TestProjects\junit\src\test\java\junit\samples\ListTest.java	0	139	0	0.10948581560283688
C:\Users\zuchn\Documents\Privat\Naturalize\TestProjects\junit\src\test\java\junit\samples\money\IMoney.java	0	139	0	0.10919540229885058
C:\Users\zuchn\Documents\Privat\Naturalize\TestProjects\junit\src\test\java\junit\samples\money\Money.java	0	140	0	0.10901098901098902
C:\Users\zuchn\Documents\Privat\Naturalize\TestProjects\junit\src\test\java\junit\samples\money\MoneyBag.java	0	141	0	0.10802603036876356
C:\Users\zuchn\Documents\Privat\Naturalize\TestProjects\junit\src\test\java\junit\samples\money\MoneyTest.java	0	147	0	0.11268209083119109
C:\Users\zuchn\Documents\Privat\Naturalize\TestProjects\junit\src\test\java\junit\samples\money\package-info.java	0	147	0	0.11268209083119109
C:\Users\zuchn\Documents\Privat\Naturalize\TestProjects\junit\src\test\java\junit\samples\package-info.java	0	147	0	0.11268209083119109
C:\Users\zuchn\Documents\Privat\Naturalize\TestProjects\junit\src\test\java\junit\samples\SimpleTest.java	0	148	0	0.11319948739854763
C:\Users\zuchn\Documents\Privat\Naturalize\TestProjects\junit\src\test\java\junit\tests\AllTests.java	0	149	0	0.11352966282543747
C:\Users\zuchn\Documents\Privat\Naturalize\TestProjects\junit\src\test\java\junit\tests\extensions\ActiveTestTest.java	0	149	0	0.11474713132171696
C:\Users\zuchn\Documents\Privat\Naturalize\TestProjects\junit\src\test\java\junit\tests\extensions\AllTests.java	0	150	0	0.11507430997876858
C:\Users\zuchn\Documents\Privat\Naturalize\TestProjects\junit\src\test\java\junit\tests\extensions\ExtensionTest.java	0	150	0	0.11514129059468578
C:\Users\zuchn\Documents\Privat\Naturalize\TestProjects\junit\src\test\java\junit\tests\extensions\package-info.java	0	150	0	0.11514129059468578
C:\Users\zuchn\Documents\Privat\Naturalize\TestProjects\junit\src\test\java\junit\tests\extensions\RepeatedTestTest.java	0	150	0	0.11596638655462185
C:\Users\zuchn\Documents\Privat\Naturalize\TestProjects\junit\src\test\java\junit\tests\framework\AllTests.java	0	151	0	0.11628883291351805
C:\Users\zuchn\Documents\Privat\Naturalize\TestProjects\junit\src\test\java\junit\tests\framework\AssertionFailedErrorTest.java	0	151	0	0.11609388097233864
C:\Users\zuchn\Documents\Privat\Naturalize\TestProjects\junit\src\test\java\junit\tests\framework\AssertTest.java	0	151	0	0.11565762004175366
C:\Users\zuchn\Documents\Privat\Naturalize\TestProjects\junit\src\test\java\junit\tests\framework\ComparisonCompactorTest.java	0	151	0	0.11474730737365368
C:\Users\zuchn\Documents\Privat\Naturalize\TestProjects\junit\src\test\java\junit\tests\framework\ComparisonFailureTest.java	0	151	0	0.11455748552522746
C:\Users\zuchn\Documents\Privat\Naturalize\TestProjects\junit\src\test\java\junit\tests\framework\DoublePrecisionAssertTest.java	0	151	0	0.11451012815212898
C:\Users\zuchn\Documents\Privat\Naturalize\TestProjects\junit\src\test\java\junit\tests\framework\Failure.java	0	151	0	0.11451012815212898
C:\Users\zuchn\Documents\Privat\Naturalize\TestProjects\junit\src\test\java\junit\tests\framework\FloatAssertTest.java	0	151	0	0.11446280991735537
C:\Users\zuchn\Documents\Privat\Naturalize\TestProjects\junit\src\test\java\junit\tests\framework\InheritedTestCase.java	0	151	0	0.11446280991735537
C:\Users\zuchn\Documents\Privat\Naturalize\TestProjects\junit\src\test\java\junit\tests\framework\NoArgTestCaseTest.java	0	151	0	0.11446280991735537
C:\Users\zuchn\Documents\Privat\Naturalize\TestProjects\junit\src\test\java\junit\tests\framework\NoTestCaseClass.java	0	151	0	0.11446280991735537
C:\Users\zuchn\Documents\Privat\Naturalize\TestProjects\junit\src\test\java\junit\tests\framework\NoTestCases.java	0	151	0	0.11446280991735537
C:\Users\zuchn\Documents\Privat\Naturalize\TestProjects\junit\src\test\java\junit\tests\framework\NotPublicTestCase.java	0	151	0	0.11446280991735537
C:\Users\zuchn\Documents\Privat\Naturalize\TestProjects\junit\src\test\java\junit\tests\framework\NotVoidTestCase.java	0	151	0	0.11446280991735537
C:\Users\zuchn\Documents\Privat\Naturalize\TestProjects\junit\src\test\java\junit\tests\framework\OneTestCase.java	0	151	0	0.1144155307724081
C:\Users\zuchn\Documents\Privat\Naturalize\TestProjects\junit\src\test\java\junit\tests\framework\OverrideTestCase.java	0	151	0	0.1144155307724081
C:\Users\zuchn\Documents\Privat\Naturalize\TestProjects\junit\src\test\java\junit\tests\framework\package-info.java	0	151	0	0.1144155307724081
C:\Users\zuchn\Documents\Privat\Naturalize\TestProjects\junit\src\test\java\junit\tests\framework\Success.java	0	151	0	0.1144155307724081
C:\Users\zuchn\Documents\Privat\Naturalize\TestProjects\junit\src\test\java\junit\tests\framework\SuiteTest.java	0	151	0	0.1137577002053388
C:\Users\zuchn\Documents\Privat\Naturalize\TestProjects\junit\src\test\java\junit\tests\framework\TestCaseTest.java	0	151	0	0.11255587159691183
C:\Users\zuchn\Documents\Privat\Naturalize\TestProjects\junit\src\test\java\junit\tests\framework\TestImplementorTest.java	0	151	0	0.1126418152350081
C:\Users\zuchn\Documents\Privat\Naturalize\TestProjects\junit\src\test\java\junit\tests\framework\TestListenerTest.java	0	153	0	0.11281224818694602
C:\Users\zuchn\Documents\Privat\Naturalize\TestProjects\junit\src\test\java\junit\tests\framework\ThreeTestCases.java	0	153	0	0.11281224818694602
C:\Users\zuchn\Documents\Privat\Naturalize\TestProjects\junit\src\test\java\junit\tests\package-info.java	0	153	0	0.11281224818694602
C:\Users\zuchn\Documents\Privat\Naturalize\TestProjects\junit\src\test\java\junit\tests\runner\AllTests.java	0	154	0	0.11307847082494969
C:\Users\zuchn\Documents\Privat\Naturalize\TestProjects\junit\src\test\java\junit\tests\runner\BaseTestRunnerTest.java	0	156	0	0.11347233360064155
C:\Users\zuchn\Documents\Privat\Naturalize\TestProjects\junit\src\test\java\junit\tests\runner\package-info.java	0	156	0	0.11347233360064155
C:\Users\zuchn\Documents\Privat\Naturalize\TestProjects\junit\src\test\java\junit\tests\runner\ResultTest.java	0	156	0	0.11306432281262485
C:\Users\zuchn\Documents\Privat\Naturalize\TestProjects\junit\src\test\java\junit\tests\runner\StackFilterTest.java	0	156	0	0.11279394180948585
C:\Users\zuchn\Documents\Privat\Naturalize\TestProjects\junit\src\test\java\junit\tests\runner\TextFeedbackTest.java	0	160	0	0.1158560695927244
C:\Users\zuchn\Documents\Privat\Naturalize\TestProjects\junit\src\test\java\junit\tests\runner\TextRunnerSingleMethodTest.java	0	160	0	0.11571879936808847
C:\Users\zuchn\Documents\Privat\Naturalize\TestProjects\junit\src\test\java\junit\tests\runner\TextRunnerTest.java	0	160	0	0.11526357199055862
C:\Users\zuchn\Documents\Privat\Naturalize\TestProjects\junit\src\test\java\junit\tests\WasRun.java	0	160	0	0.11521824616594574
C:\Users\zuchn\Documents\Privat\Naturalize\TestProjects\junit\src\test\java\org\junit\experimental\categories\CategoryFilterFactoryTest.java	0	161	0	0.11485691885535085
C:\Users\zuchn\Documents\Privat\Naturalize\TestProjects\junit\src\test\java\org\junit\internal\matchers\StacktracePrintingMatcherTest.java	0	161	0	0.11472200469851214
C:\Users\zuchn\Documents\Privat\Naturalize\TestProjects\junit\src\test\java\org\junit\internal\MethodSorterTest.java	0	161	0	0.11343399148277197
C:\Users\zuchn\Documents\Privat\Naturalize\TestProjects\junit\src\test\java\org\junit\runner\FilterFactoriesTest.java	0	162	0	0.113469702817445
C:\Users\zuchn\Documents\Privat\Naturalize\TestProjects\junit\src\test\java\org\junit\runner\FilterOptionIntegrationTest.java	0	162	0	0.11268685320045994
C:\Users\zuchn\Documents\Privat\Naturalize\TestProjects\junit\src\test\java\org\junit\runner\JUnitCommandLineParseResultTest.java	0	163	0	0.11250475104522994
C:\Users\zuchn\Documents\Privat\Naturalize\TestProjects\junit\src\test\java\org\junit\runner\JUnitCoreTest.java	0	163	0	0.112419293581466
C:\Users\zuchn\Documents\Privat\Naturalize\TestProjects\junit\src\test\java\org\junit\runner\notification\ConcurrentRunNotifierTest.java	0	166	0	0.11261261261261261
C:\Users\zuchn\Documents\Privat\Naturalize\TestProjects\junit\src\test\java\org\junit\runner\notification\RunNotifierTest.java	0	169	0	0.11347517730496454
C:\Users\zuchn\Documents\Privat\Naturalize\TestProjects\junit\src\test\java\org\junit\runner\notification\SynchronizedRunListenerTest.java	0	169	0	0.1124676285608583
C:\Users\zuchn\Documents\Privat\Naturalize\TestProjects\junit\src\test\java\org\junit\samples\ListTest.java	0	169	0	0.11283185840707964
C:\Users\zuchn\Documents\Privat\Naturalize\TestProjects\junit\src\test\java\org\junit\samples\money\MoneyTest.java	0	174	0	0.1163384390955507
C:\Users\zuchn\Documents\Privat\Naturalize\TestProjects\junit\src\test\java\org\junit\samples\money\package-info.java	0	174	0	0.1163384390955507
C:\Users\zuchn\Documents\Privat\Naturalize\TestProjects\junit\src\test\java\org\junit\samples\package-info.java	0	174	0	0.1163384390955507
C:\Users\zuchn\Documents\Privat\Naturalize\TestProjects\junit\src\test\java\org\junit\samples\SimpleTest.java	0	174	0	0.11721878412813978
C:\Users\zuchn\Documents\Privat\Naturalize\TestProjects\junit\src\test\java\org\junit\tests\AllTests.java	0	174	0	0.11721878412813978
C:\Users\zuchn\Documents\Privat\Naturalize\TestProjects\junit\src\test\java\org\junit\tests\assertion\AssertionTest.java	0	174	0	0.11418439716312057
C:\Users\zuchn\Documents\Privat\Naturalize\TestProjects\junit\src\test\java\org\junit\tests\assertion\ComparisonFailureTest.java	0	174	0	0.11390166253979483
C:\Users\zuchn\Documents\Privat\Naturalize\TestProjects\junit\src\test\java\org\junit\tests\assertion\MultipleFailureExceptionTest.java	0	175	0	0.11409395973154363
C:\Users\zuchn\Documents\Privat\Naturalize\TestProjects\junit\src\test\java\org\junit\tests\deprecated\JUnit4ClassRunnerTest.java	0	175	0	0.11471937875044123
C:\Users\zuchn\Documents\Privat\Naturalize\TestProjects\junit\src\test\java\org\junit\tests\description\AnnotatedDescriptionTest.java	0	175	0	0.11455763130066972
C:\Users\zuchn\Documents\Privat\Naturalize\TestProjects\junit\src\test\java\org\junit\tests\description\SuiteDescriptionTest.java	0	175	0	0.11423550087873462
C:\Users\zuchn\Documents\Privat\Naturalize\TestProjects\junit\src\test\java\org\junit\tests\description\TestDescriptionTest.java	0	175	0	0.11423550087873462
C:\Users\zuchn\Documents\Privat\Naturalize\TestProjects\junit\src\test\java\org\junit\tests\experimental\AssumptionTest.java	0	175	0	0.11339846475924634
C:\Users\zuchn\Documents\Privat\Naturalize\TestProjects\junit\src\test\java\org\junit\tests\experimental\AssumptionViolatedExceptionTest.java	0	175	0	0.11304347826086956
C:\Users\zuchn\Documents\Privat\Naturalize\TestProjects\junit\src\test\java\org\junit\tests\experimental\categories\CategoriesAndParameterizedTest.java	0	175	0	0.11292564280750521
C:\Users\zuchn\Documents\Privat\Naturalize\TestProjects\junit\src\test\java\org\junit\tests\experimental\categories\CategoryTest.java	0	175	0	0.11562284927735719
C:\Users\zuchn\Documents\Privat\Naturalize\TestProjects\junit\src\test\java\org\junit\tests\experimental\categories\JavadocTest.java	0	175	0	0.11623108665749655
C:\Users\zuchn\Documents\Privat\Naturalize\TestProjects\junit\src\test\java\org\junit\tests\experimental\categories\MultiCategoryTest.java	0	175	0	0.11603158256093375
C:\Users\zuchn\Documents\Privat\Naturalize\TestProjects\junit\src\test\java\org\junit\tests\experimental\ExperimentalTests.java	0	175	0	0.11603158256093375
C:\Users\zuchn\Documents\Privat\Naturalize\TestProjects\junit\src\test\java\org\junit\tests\experimental\MatcherTest.java	0	175	0	0.11575342465753424
C:\Users\zuchn\Documents\Privat\Naturalize\TestProjects\junit\src\test\java\org\junit\tests\experimental\max\DescriptionTest.java	0	175	0	0.11535836177474403
C:\Users\zuchn\Documents\Privat\Naturalize\TestProjects\junit\src\test\java\org\junit\tests\experimental\max\JUnit38SortingTest.java	0	177	0	0.11652470187393527
C:\Users\zuchn\Documents\Privat\Naturalize\TestProjects\junit\src\test\java\org\junit\tests\experimental\max\MaxStarterTest.java	0	180	0	0.11721366376423309
C:\Users\zuchn\Documents\Privat\Naturalize\TestProjects\junit\src\test\java\org\junit\tests\experimental\parallel\ParallelClassTest.java	0	181	0	0.11760775141997995
C:\Users\zuchn\Documents\Privat\Naturalize\TestProjects\junit\src\test\java\org\junit\tests\experimental\parallel\ParallelMethodTest.java	0	182	0	0.1180787191460974
C:\Users\zuchn\Documents\Privat\Naturalize\TestProjects\junit\src\test\java\org\junit\tests\experimental\results\PrintableResultTest.java	0	182	0	0.11784287616511319
C:\Users\zuchn\Documents\Privat\Naturalize\TestProjects\junit\src\test\java\org\junit\tests\experimental\results\ResultMatchersTest.java	0	182	0	0.11780366056572379
C:\Users\zuchn\Documents\Privat\Naturalize\TestProjects\junit\src\test\java\org\junit\tests\experimental\rules\BlockJUnit4ClassRunnerOverrideTest.java	0	182	0	0.11766655618163739
C:\Users\zuchn\Documents\Privat\Naturalize\TestProjects\junit\src\test\java\org\junit\tests\experimental\rules\ClassRulesTest.java	0	182	0	0.12022397891963109
C:\Users\zuchn\Documents\Privat\Naturalize\TestProjects\junit\src\test\java\org\junit\tests\experimental\rules\EventCollector.java	0	182	0	0.11908646003262642
C:\Users\zuchn\Documents\Privat\Naturalize\TestProjects\junit\src\test\java\org\junit\tests\experimental\rules\ExpectedExceptionTest.java	0	182	0	0.11785598966742009
C:\Users\zuchn\Documents\Privat\Naturalize\TestProjects\junit\src\test\java\org\junit\tests\experimental\rules\ExternalResourceRuleTest.java	0	182	0	0.11777992900935785
C:\Users\zuchn\Documents\Privat\Naturalize\TestProjects\junit\src\test\java\org\junit\tests\experimental\rules\LoggingTestWatcher.java	0	183	0	0.11783644558918223
C:\Users\zuchn\Documents\Privat\Naturalize\TestProjects\junit\src\test\java\org\junit\tests\experimental\rules\MethodRulesTest.java	0	196	0	0.12229299363057325
C:\Users\zuchn\Documents\Privat\Naturalize\TestProjects\junit\src\test\java\org\junit\tests\experimental\rules\NameRulesTest.java	0	196	0	0.12217626471524022
C:\Users\zuchn\Documents\Privat\Naturalize\TestProjects\junit\src\test\java\org\junit\tests\experimental\rules\RuleChainTest.java	0	196	0	0.1219047619047619
C:\Users\zuchn\Documents\Privat\Naturalize\TestProjects\junit\src\test\java\org\junit\tests\experimental\rules\RuleFieldValidatorTest.java	0	198	0	0.12161310649023314
C:\Users\zuchn\Documents\Privat\Naturalize\TestProjects\junit\src\test\java\org\junit\tests\experimental\rules\StopwatchTest.java	0	202	0	0.1228125
C:\Users\zuchn\Documents\Privat\Naturalize\TestProjects\junit\src\test\java\org\junit\tests\experimental\rules\TempFolderRuleTest.java	0	202	0	0.12152133580705009
C:\Users\zuchn\Documents\Privat\Naturalize\TestProjects\junit\src\test\java\org\junit\tests\experimental\rules\TemporaryFolderUsageTest.java	0	202	0	0.12081155856132801
C:\Users\zuchn\Documents\Privat\Naturalize\TestProjects\junit\src\test\java\org\junit\tests\experimental\rules\TestRuleTest.java	0	220	0	0.12740963855421686
C:\Users\zuchn\Documents\Privat\Naturalize\TestProjects\junit\src\test\java\org\junit\tests\experimental\rules\TestWatcherTest.java	0	224	0	0.12964071856287426
C:\Users\zuchn\Documents\Privat\Naturalize\TestProjects\junit\src\test\java\org\junit\tests\experimental\rules\TestWatchmanTest.java	0	225	0	0.12962962962962962
C:\Users\zuchn\Documents\Privat\Naturalize\TestProjects\junit\src\test\java\org\junit\tests\experimental\rules\TimeoutRuleTest.java	0	225	0	0.12972329663790538
C:\Users\zuchn\Documents\Privat\Naturalize\TestProjects\junit\src\test\java\org\junit\tests\experimental\rules\VerifierRuleTest.java	0	225	0	0.12930011862396204
C:\Users\zuchn\Documents\Privat\Naturalize\TestProjects\junit\src\test\java\org\junit\tests\experimental\theories\AssumingInTheoriesTest.java	0	225	0	0.12918518518518518
C:\Users\zuchn\Documents\Privat\Naturalize\TestProjects\junit\src\test\java\org\junit\tests\experimental\theories\extendingwithstubs\Correspondent.java	0	225	0	0.1291086763399467
C:\Users\zuchn\Documents\Privat\Naturalize\TestProjects\junit\src\test\java\org\junit\tests\experimental\theories\extendingwithstubs\Guesser.java	0	226	0	0.12849162011173185
C:\Users\zuchn\Documents\Privat\Naturalize\TestProjects\junit\src\test\java\org\junit\tests\experimental\theories\extendingwithstubs\GuesserQueue.java	0	227	0	0.1284080914687775
C:\Users\zuchn\Documents\Privat\Naturalize\TestProjects\junit\src\test\java\org\junit\tests\experimental\theories\extendingwithstubs\MethodCall.java	0	227	0	0.1280701754385965
C:\Users\zuchn\Documents\Privat\Naturalize\TestProjects\junit\src\test\java\org\junit\tests\experimental\theories\extendingwithstubs\ReguessableValue.java	0	227	0	0.12803273896521486
C:\Users\zuchn\Documents\Privat\Naturalize\TestProjects\junit\src\test\java\org\junit\tests\experimental\theories\extendingwithstubs\StringableObject.java	0	227	0	0.12792056074766356
C:\Users\zuchn\Documents\Privat\Naturalize\TestProjects\junit\src\test\java\org\junit\tests\experimental\theories\extendingwithstubs\Stub.java	0	227	0	0.12792056074766356
C:\Users\zuchn\Documents\Privat\Naturalize\TestProjects\junit\src\test\java\org\junit\tests\experimental\theories\extendingwithstubs\StubbedTheories.java	0	227	0	0.12747380675203726
C:\Users\zuchn\Documents\Privat\Naturalize\TestProjects\junit\src\test\java\org\junit\tests\experimental\theories\extendingwithstubs\StubbedTheoriesTest.java	0	227	0	0.12743671806808263
C:\Users\zuchn\Documents\Privat\Naturalize\TestProjects\junit\src\test\java\org\junit\tests\experimental\theories\internal\AllMembersSupplierTest.java	0	228	0	0.12676869766098758
C:\Users\zuchn\Documents\Privat\Naturalize\TestProjects\junit\src\test\java\org\junit\tests\experimental\theories\internal\ParameterizedAssertionErrorTest.java	0	228	0	0.12622196664749857
C:\Users\zuchn\Documents\Privat\Naturalize\TestProjects\junit\src\test\java\org\junit\tests\experimental\theories\internal\SpecificDataPointsSupplierTest.java	0	229	0	0.12532042153232698
C:\Users\zuchn\Documents\Privat\Naturalize\TestProjects\junit\src\test\java\org\junit\tests\experimental\theories\ParameterSignatureTest.java	0	230	0	0.12560249503827617
C:\Users\zuchn\Documents\Privat\Naturalize\TestProjects\junit\src\test\java\org\junit\tests\experimental\theories\PotentialAssignmentTest.java	0	230	0	0.1252119841718485
C:\Users\zuchn\Documents\Privat\Naturalize\TestProjects\junit\src\test\java\org\junit\tests\experimental\theories\runner\FailingDataPointMethods.java	0	230	0	0.12496473906911143
C:\Users\zuchn\Documents\Privat\Naturalize\TestProjects\junit\src\test\java\org\junit\tests\experimental\theories\runner\SuccessfulWithDataPointFields.java	0	231	0	0.12513966480446928
C:\Users\zuchn\Documents\Privat\Naturalize\TestProjects\junit\src\test\java\org\junit\tests\experimental\theories\runner\TheoriesPerformanceTest.java	0	231	0	0.12524407252440725
C:\Users\zuchn\Documents\Privat\Naturalize\TestProjects\junit\src\test\java\org\junit\tests\experimental\theories\runner\TypeMatchingBetweenMultiDataPointsMethod.java	0	231	0	0.12513935340022297
C:\Users\zuchn\Documents\Privat\Naturalize\TestProjects\junit\src\test\java\org\junit\tests\experimental\theories\runner\UnsuccessfulWithDataPointFields.java	0	233	0	0.12579661956220559
C:\Users\zuchn\Documents\Privat\Naturalize\TestProjects\junit\src\test\java\org\junit\tests\experimental\theories\runner\WhenNoParametersMatch.java	0	233	0	0.1257948576168095
C:\Users\zuchn\Documents\Privat\Naturalize\TestProjects\junit\src\test\java\org\junit\tests\experimental\theories\runner\WithAutoGeneratedDataPoints.java	0	233	0	0.12565589616128142
C:\Users\zuchn\Documents\Privat\Naturalize\TestProjects\junit\src\test\java\org\junit\tests\experimental\theories\runner\WithDataPointMethod.java	0	234	0	0.1256544502617801
C:\Users\zuchn\Documents\Privat\Naturalize\TestProjects\junit\src\test\java\org\junit\tests\experimental\theories\runner\WithExtendedParameterSources.java	0	234	0	0.12541163556531285
C:\Users\zuchn\Documents\Privat\Naturalize\TestProjects\junit\src\test\java\org\junit\tests\experimental\theories\runner\WithNamedDataPoints.java	0	235	0	0.1254450835387565
C:\Users\zuchn\Documents\Privat\Naturalize\TestProjects\junit\src\test\java\org\junit\tests\experimental\theories\runner\WithOnlyTestAnnotations.java	0	236	0	0.12578616352201258
C:\Users\zuchn\Documents\Privat\Naturalize\TestProjects\junit\src\test\java\org\junit\tests\experimental\theories\runner\WithParameterSupplier.java	0	237	0	0.1254421768707483
C:\Users\zuchn\Documents\Privat\Naturalize\TestProjects\junit\src\test\java\org\junit\tests\experimental\theories\runner\WithUnresolvedGenericTypeVariablesOnTheoryParms.java	0	237	0	0.12446004319654427
C:\Users\zuchn\Documents\Privat\Naturalize\TestProjects\junit\src\test\java\org\junit\tests\experimental\theories\TestedOnSupplierTest.java	0	237	0	0.12459546925566344
C:\Users\zuchn\Documents\Privat\Naturalize\TestProjects\junit\src\test\java\org\junit\tests\experimental\theories\TheoryTestUtils.java	0	237	0	0.12446120689655173
C:\Users\zuchn\Documents\Privat\Naturalize\TestProjects\junit\src\test\java\org\junit\tests\internal\runners\statements\FailOnTimeoutTest.java	0	237	0	0.12359550561797752
C:\Users\zuchn\Documents\Privat\Naturalize\TestProjects\junit\src\test\java\org\junit\tests\junit3compatibility\AllTestsTest.java	0	237	0	0.1233644859813084
C:\Users\zuchn\Documents\Privat\Naturalize\TestProjects\junit\src\test\java\org\junit\tests\junit3compatibility\ClassRequestTest.java	0	237	0	0.1233644859813084
C:\Users\zuchn\Documents\Privat\Naturalize\TestProjects\junit\src\test\java\org\junit\tests\junit3compatibility\ForwardCompatibilityPrintingTest.java	0	239	0	0.12526595744680852
C:\Users\zuchn\Documents\Privat\Naturalize\TestProjects\junit\src\test\java\org\junit\tests\junit3compatibility\ForwardCompatibilityTest.java	0	239	0	0.12506582411795683
C:\Users\zuchn\Documents\Privat\Naturalize\TestProjects\junit\src\test\java\org\junit\tests\junit3compatibility\InitializationErrorForwardCompatibilityTest.java	0	239	0	0.12454116413214474
C:\Users\zuchn\Documents\Privat\Naturalize\TestProjects\junit\src\test\java\org\junit\tests\junit3compatibility\JUnit38ClassRunnerTest.java	0	240	0	0.1249020120198589
C:\Users\zuchn\Documents\Privat\Naturalize\TestProjects\junit\src\test\java\org\junit\tests\junit3compatibility\OldTestClassAdaptingListenerTest.java	0	240	0	0.125
C:\Users\zuchn\Documents\Privat\Naturalize\TestProjects\junit\src\test\java\org\junit\tests\junit3compatibility\OldTests.java	0	240	0	0.125
C:\Users\zuchn\Documents\Privat\Naturalize\TestProjects\junit\src\test\java\org\junit\tests\junit3compatibility\SuiteMethodTest.java	0	240	0	0.125
C:\Users\zuchn\Documents\Privat\Naturalize\TestProjects\junit\src\test\java\org\junit\tests\listening\ListenerTest.java	0	242	0	0.12539021852237253
C:\Users\zuchn\Documents\Privat\Naturalize\TestProjects\junit\src\test\java\org\junit\tests\listening\RunnerTest.java	0	242	0	0.1250973267583701
C:\Users\zuchn\Documents\Privat\Naturalize\TestProjects\junit\src\test\java\org\junit\tests\listening\TestListenerTest.java	0	244	0	0.12555009060315817
C:\Users\zuchn\Documents\Privat\Naturalize\TestProjects\junit\src\test\java\org\junit\tests\listening\TextListenerTest.java	0	244	0	0.12535538898940293
C:\Users\zuchn\Documents\Privat\Naturalize\TestProjects\junit\src\test\java\org\junit\tests\listening\UserStopTest.java	0	244	0	0.12532299741602068
C:\Users\zuchn\Documents\Privat\Naturalize\TestProjects\junit\src\test\java\org\junit\tests\manipulation\FilterableTest.java	0	244	0	0.1254517294785751
C:\Users\zuchn\Documents\Privat\Naturalize\TestProjects\junit\src\test\java\org\junit\tests\manipulation\FilterTest.java	0	244	0	0.12522545735635146
C:\Users\zuchn\Documents\Privat\Naturalize\TestProjects\junit\src\test\java\org\junit\tests\manipulation\SingleMethodTest.java	0	245	0	0.12557781201849
C:\Users\zuchn\Documents\Privat\Naturalize\TestProjects\junit\src\test\java\org\junit\tests\manipulation\SortableTest.java	0	245	0	0.12515996928589712
C:\Users\zuchn\Documents\Privat\Naturalize\TestProjects\junit\src\test\java\org\junit\tests\ObjectContractTest.java	0	245	0	0.12493612672457843
C:\Users\zuchn\Documents\Privat\Naturalize\TestProjects\junit\src\test\java\org\junit\tests\package-info.java	0	245	0	0.12493612672457843
C:\Users\zuchn\Documents\Privat\Naturalize\TestProjects\junit\src\test\java\org\junit\tests\running\classes\BlockJUnit4ClassRunnerTest.java	0	245	0	0.12487231869254341
C:\Users\zuchn\Documents\Privat\Naturalize\TestProjects\junit\src\test\java\org\junit\tests\running\classes\EnclosedTest.java	0	245	0	0.12480857580398162
C:\Users\zuchn\Documents\Privat\Naturalize\TestProjects\junit\src\test\java\org\junit\tests\running\classes\IgnoreClassTest.java	0	245	0	0.12503189589180913
C:\Users\zuchn\Documents\Privat\Naturalize\TestProjects\junit\src\test\java\org\junit\tests\running\classes\ParameterizedTestTest.java	0	245	0	0.12616704516780217
C:\Users\zuchn\Documents\Privat\Naturalize\TestProjects\junit\src\test\java\org\junit\tests\running\classes\ParentRunnerFilteringTest.java	0	245	0	0.12597044828449788
C:\Users\zuchn\Documents\Privat\Naturalize\TestProjects\junit\src\test\java\org\junit\tests\running\classes\ParentRunnerTest.java	0	245	0	0.1256544502617801
C:\Users\zuchn\Documents\Privat\Naturalize\TestProjects\junit\src\test\java\org\junit\tests\running\classes\RunWithTest.java	0	245	0	0.12552926525529265
C:\Users\zuchn\Documents\Privat\Naturalize\TestProjects\junit\src\test\java\org\junit\tests\running\classes\SuiteTest.java	0	247	0	0.1269526407141086
C:\Users\zuchn\Documents\Privat\Naturalize\TestProjects\junit\src\test\java\org\junit\tests\running\classes\TestClassTest.java	0	247	0	0.12685827552031714
C:\Users\zuchn\Documents\Privat\Naturalize\TestProjects\junit\src\test\java\org\junit\tests\running\classes\UseSuiteAsASuperclassTest.java	0	248	0	0.12701163654369893
C:\Users\zuchn\Documents\Privat\Naturalize\TestProjects\junit\src\test\java\org\junit\tests\running\core\CommandLineTest.java	0	248	0	0.12688597576057384
C:\Users\zuchn\Documents\Privat\Naturalize\TestProjects\junit\src\test\java\org\junit\tests\running\core\JUnitCoreReturnsCorrectExitCodeTest.java	0	248	0	0.1267918932278794
C:\Users\zuchn\Documents\Privat\Naturalize\TestProjects\junit\src\test\java\org\junit\tests\running\core\MainRunner.java	0	248	0	0.12548923679060667
C:\Users\zuchn\Documents\Privat\Naturalize\TestProjects\junit\src\test\java\org\junit\tests\running\core\SystemExitTest.java	0	248	0	0.12551892551892552
C:\Users\zuchn\Documents\Privat\Naturalize\TestProjects\junit\src\test\java\org\junit\tests\running\methods\AnnotationTest.java	0	252	0	0.12563421116211645
C:\Users\zuchn\Documents\Privat\Naturalize\TestProjects\junit\src\test\java\org\junit\tests\running\methods\ExpectedTest.java	0	255	0	0.12611526404629853
C:\Users\zuchn\Documents\Privat\Naturalize\TestProjects\junit\src\test\java\org\junit\tests\running\methods\InheritedTestTest.java	0	255	0	0.12632594021215043
C:\Users\zuchn\Documents\Privat\Naturalize\TestProjects\junit\src\test\java\org\junit\tests\running\methods\ParameterizedTestMethodTest.java	0	255	0	0.12596153846153846
C:\Users\zuchn\Documents\Privat\Naturalize\TestProjects\junit\src\test\java\org\junit\tests\running\methods\TestMethodTest.java	0	255	0	0.1259276993057218
C:\Users\zuchn\Documents\Privat\Naturalize\TestProjects\junit\src\test\java\org\junit\tests\running\methods\TimeoutTest.java	0	257	0	0.12633832976445397
C:\Users\zuchn\Documents\Privat\Naturalize\TestProjects\junit\src\test\java\org\junit\tests\TestSystem.java	0	257	0	0.1262782401902497
C:\Users\zuchn\Documents\Privat\Naturalize\TestProjects\junit\src\test\java\org\junit\tests\validation\anotherpackage\Sub.java	0	257	0	0.1262782401902497
C:\Users\zuchn\Documents\Privat\Naturalize\TestProjects\junit\src\test\java\org\junit\tests\validation\anotherpackage\Super.java	0	257	0	0.1262782401902497
C:\Users\zuchn\Documents\Privat\Naturalize\TestProjects\junit\src\test\java\org\junit\tests\validation\BadlyFormedClassesTest.java	0	258	0	0.12633578722393732
C:\Users\zuchn\Documents\Privat\Naturalize\TestProjects\junit\src\test\java\org\junit\tests\validation\FailedConstructionTest.java	0	259	0	0.12648315140009492
C:\Users\zuchn\Documents\Privat\Naturalize\TestProjects\junit\src\test\java\org\junit\tests\validation\InaccessibleBaseClassTest.java	0	259	0	0.12648315140009492
C:\Users\zuchn\Documents\Privat\Naturalize\TestProjects\junit\src\test\java\org\junit\tests\validation\ValidationTest.java	0	259	0	0.12645314353499407
